\BOOKMARK [-1][]{ctitle.-1}{\376\377\000*\000*\000*\000*\145\207\172\340\150\007\230\230\377\010\213\367\127\050\000d\000a\000t\000a\000/\000c\000o\000v\000e\000r\116\055\117\356\145\071\213\272\145\207\117\341\140\157\377\011\000*\000*\000*\000*}{}% 1
\BOOKMARK [0][]{thuchapter.1.0}{\376\377\166\356\000\040\137\125}{ctitle.-1}% 2
\BOOKMARK [0][]{section*.4}{\376\377\144\130\000\040\211\201}{ctitle.-1}% 3
\BOOKMARK [0][]{section*.6}{\376\377\000A\000b\000s\000t\000r\000a\000c\000t}{ctitle.-1}% 4
\BOOKMARK [0][]{section*.8}{\376\377\143\322\126\376\175\042\137\025}{ctitle.-1}% 5
\BOOKMARK [0][]{section*.10}{\376\377\226\104\210\150\175\042\137\025}{ctitle.-1}% 6
\BOOKMARK [0][]{section*.12}{\376\377\173\227\154\325\175\042\137\025}{ctitle.-1}% 7
\BOOKMARK [0][]{section*.14}{\376\377\116\073\211\201\173\046\123\367\133\371\161\147\210\150}{ctitle.-1}% 8
\BOOKMARK [0][]{section*.16}{\376\377\177\051\165\145\213\315\154\350\221\312\210\150}{ctitle.-1}% 9
\BOOKMARK [0][]{chapter.1}{\376\377\173\054\0001\172\340\000\040\176\352\000\040\213\272}{ctitle.-1}% 10
\BOOKMARK [1][-]{section.1.1}{\376\377\0001\000.\0001\000\040\137\025\212\000}{chapter.1}% 11
\BOOKMARK [1][-]{section.1.2}{\376\377\0001\000.\0002\000\040\117\177\165\050\134\125\171\072}{chapter.1}% 12
\BOOKMARK [2][-]{subsection.1.2.1}{\376\377\0001\000.\0002\000.\0001\000\040\143\322\121\145\116\000\136\105\126\376}{section.1.2}% 13
\BOOKMARK [2][-]{subsection.1.2.2}{\376\377\0001\000.\0002\000.\0002\000\040\143\322\121\145\116\000\137\040\210\150}{section.1.2}% 14
\BOOKMARK [2][-]{subsection.1.2.3}{\376\377\0001\000.\0002\000.\0003\000\040\143\322\121\145\116\000\116\052\210\114\225\364\121\154\137\017}{section.1.2}% 15
\BOOKMARK [2][-]{subsection.1.2.4}{\376\377\0001\000.\0002\000.\0004\000\040\143\322\121\145\116\000\116\052\173\227\154\325}{section.1.2}% 16
\BOOKMARK [2][-]{subsection.1.2.5}{\376\377\0001\000.\0002\000.\0005\000\040\133\232\164\006\123\312\213\301\146\016}{section.1.2}% 17
\BOOKMARK [2][-]{subsection.1.2.6}{\376\377\0001\000.\0002\000.\0006\000\040\147\141\060\001\153\076\166\204\117\177\165\050}{section.1.2}% 18
\BOOKMARK [1][-]{section.1.3}{\376\377\0001\000.\0003\000\040\147\054\213\272\145\207\166\204\116\073\211\201\170\024\172\166\121\205\133\271\123\312\122\033\145\260\116\113\131\004}{chapter.1}% 19
\BOOKMARK [1][-]{section.1.4}{\376\377\0001\000.\0004\000\040\147\054\213\272\145\207\166\204\176\304\176\307\133\211\143\222}{chapter.1}% 20
\BOOKMARK [0][]{chapter.2}{\376\377\173\054\0002\172\340\000\040\173\054\116\214\172\340\150\007\230\230}{ctitle.-1}% 21
\BOOKMARK [1][-]{section.2.1}{\376\377\0002\000.\0001\000\040\173\054\116\000\202\202\150\007\230\230}{chapter.2}% 22
\BOOKMARK [2][-]{subsection.2.1.1}{\376\377\0002\000.\0001\000.\0001\000\040\173\054\116\000\134\017\202\202\150\007\230\230}{section.2.1}% 23
\BOOKMARK [1][-]{section.2.2}{\376\377\0002\000.\0002\000\040\147\054\172\340\134\017\176\323}{chapter.2}% 24
\BOOKMARK [0][]{section*.21}{\376\377\140\073\176\323\116\016\134\125\147\033}{ctitle.-1}% 25
\BOOKMARK [0][]{section*.23}{\376\377\123\302\200\003\145\207\163\056}{ctitle.-1}% 26
\BOOKMARK [0][]{section*.25}{\376\377\201\364\000\040\214\042}{ctitle.-1}% 27
\BOOKMARK [0][]{appendix.A}{\376\377\226\104\137\125\000\040\000A\000\040\145\073\213\373\133\146\117\115\147\037\225\364\166\204\170\024\172\166\142\020\147\234\123\312\123\321\210\150\166\204\133\146\147\057\213\272\145\207}{ctitle.-1}% 28
\BOOKMARK [0][]{appendix.B}{\376\377\226\104\137\125\000\040\000B\000\040\226\104\137\125\000B\150\007\230\230\377\010\123\357\220\011\377\011}{ctitle.-1}% 29
